State 179 conflicts: 1 shift/reduce


Grammar

    0 $accept: program $end

    1 program: code

    2 code: code_pros

    3 code_pros: code_pros proc
    4          | code_pros func
    5          | code_pros main
    6          | %empty

    7 func: FUNC proc_id '(' get_arg ')' RETURN continue_func

    8 proc: PROC proc_id '(' get_arg ')' continue_proc

    9 main: PROC MAIN '(' ')' continue_proc

   10 get_arg: args_list

   11 args_list: no_args
   12          | yes_args

   13 yes_args: args ':' arg_type
   14         | yes_args ';' args ':' arg_type

   15 args: id
   16     | args ',' id

   17 no_args: %empty

   18 call_args: args_2
   19          | no_args

   20 args_2: expression
   21       | args_2 ',' expression

   22 arg_type: type

   23 continue_func: type '{' body '}'

   24 proc_id: id

   25 continue_proc: '{' body '}'

   26 body: statmentss
   27     | %empty

   28 the_ret: RETURN expression ';'

   29 statment: call semico
   30         | if_statment
   31         | for_statment
   32         | while_statment
   33         | initign_statment
   34         | var_decls
   35         | '{' statmentss '}'
   36         | the_ret
   37         | func
   38         | proc

   39 semico: ';'

   40 statmentss: statmentss statment
   41           | statment

   42 var_decls: VAR ids ':' type ';'

   43 ids: ids ',' id
   44    | id

   45 initign_statment: lhs EQ expression semico
   46                 | DEREF lhs EQ expression semico

   47 if_statment: IF '(' expression ')' statment else_statment

   48 else_statment: ELSE statment
   49              | %empty

   50 while_statment: WHILE '(' expression ')' block

   51 for_statment: FOR '(' for_cond ')' block

   52 for_cond: init semico expression semico init

   53 init: lhs EQ expression
   54     | DEREF lhs EQ expression

   55 block: statment

   56 expression: expression PLUS expression
   57           | expression MINUS expression
   58           | expression MUL expression
   59           | expression DIVIDE expression
   60           | expression EQEQ expression
   61           | expression GT expression
   62           | expression GTE expression
   63           | expression LT expression
   64           | expression LTE expression
   65           | NOT expression
   66           | expression NOTEQ expression
   67           | expression OR expression
   68           | expression AND expression
   69           | '(' expression ')'
   70           | value
   71           | DEREF expression
   72           | AMP expression

   73 lhs: id
   74    | id '[' expression ']'

   75 value: lhs
   76      | boolean
   77      | string
   78      | char
   79      | real
   80      | int
   81      | len
   82      | call
   83      | null

   84 type: TYPE_INT
   85     | TYPE_BOOL
   86     | TYPE_CHAR
   87     | TYPE_REAL
   88     | TYPE_STRING '[' INT ']'
   89     | INT_PTR
   90     | CHAR_PTR
   91     | REAL_PTR

   92 id: ID

   93 call: id '(' call_args ')'

   94 len: '|' id '|'
   95    | '|' string '|'

   96 boolean: BOOL_TRUE
   97        | BOOL_FALSE

   98 string: STRING

   99 char: CHAR

  100 real: REAL

  101 int: INT

  102 null: TYPE_NULL


Terminals, with rules where they appear

$end (0) 0
'(' (40) 7 8 9 47 50 51 69 93
')' (41) 7 8 9 47 50 51 69 93
',' (44) 16 21 43
':' (58) 13 14 42
';' (59) 14 28 39 42
'[' (91) 74 88
']' (93) 74 88
'{' (123) 23 25 35
'|' (124) 94 95
'}' (125) 23 25 35
error (256)
TYPE_BOOL (258) 85
TYPE_CHAR (259) 86
TYPE_INT (260) 84
TYPE_REAL (261) 87
TYPE_STRING (262) 88
INT_PTR (263) 89
CHAR_PTR (264) 90
REAL_PTR (265) 91
IF (266) 47
ELSE (267) 48
WHILE (268) 50
FOR (269) 51
PROC (270) 8 9
FUNC (271) 7
VAR (272) 42
MAIN (273) 9
RETURN (274) 7 28
TYPE_NULL (275) 102
BOOL_TRUE (276) 96
BOOL_FALSE (277) 97
REAL (278) 100
ID (279) 92
INT (280) 88 101
CHAR (281) 99
STRING (282) 98
AND (283) 68
DIVIDE (284) 59
EQ (285) 45 46 53 54
EQEQ (286) 60
GT (287) 61
GTE (288) 62
LT (289) 63
LTE (290) 64
MINUS (291) 57
NOT (292) 65
NOTEQ (293) 66
OR (294) 67
PLUS (295) 56
MUL (296) 58
AMP (297) 72
DEREF (298) 46 54 71


Nonterminals, with rules where they appear

$accept (54)
    on left: 0
program (55)
    on left: 1, on right: 0
code (56)
    on left: 2, on right: 1
code_pros (57)
    on left: 3 4 5 6, on right: 2 3 4 5
func (58)
    on left: 7, on right: 4 37
proc (59)
    on left: 8, on right: 3 38
main (60)
    on left: 9, on right: 5
get_arg (61)
    on left: 10, on right: 7 8
args_list (62)
    on left: 11 12, on right: 10
yes_args (63)
    on left: 13 14, on right: 12 14
args (64)
    on left: 15 16, on right: 13 14 16
no_args (65)
    on left: 17, on right: 11 19
call_args (66)
    on left: 18 19, on right: 93
args_2 (67)
    on left: 20 21, on right: 18 21
arg_type (68)
    on left: 22, on right: 13 14
continue_func (69)
    on left: 23, on right: 7
proc_id (70)
    on left: 24, on right: 7 8
continue_proc (71)
    on left: 25, on right: 8 9
body (72)
    on left: 26 27, on right: 23 25
the_ret (73)
    on left: 28, on right: 36
statment (74)
    on left: 29 30 31 32 33 34 35 36 37 38, on right: 40 41 47 48 55
semico (75)
    on left: 39, on right: 29 45 46 52
statmentss (76)
    on left: 40 41, on right: 26 35 40
var_decls (77)
    on left: 42, on right: 34
ids (78)
    on left: 43 44, on right: 42 43
initign_statment (79)
    on left: 45 46, on right: 33
if_statment (80)
    on left: 47, on right: 30
else_statment (81)
    on left: 48 49, on right: 47
while_statment (82)
    on left: 50, on right: 32
for_statment (83)
    on left: 51, on right: 31
for_cond (84)
    on left: 52, on right: 51
init (85)
    on left: 53 54, on right: 52
block (86)
    on left: 55, on right: 50 51
expression (87)
    on left: 56 57 58 59 60 61 62 63 64 65 66 67 68 69 70 71 72, on right:
    20 21 28 45 46 47 50 52 53 54 56 57 58 59 60 61 62 63 64 65 66
    67 68 69 71 72 74
lhs (88)
    on left: 73 74, on right: 45 46 53 54 75
value (89)
    on left: 75 76 77 78 79 80 81 82 83, on right: 70
type (90)
    on left: 84 85 86 87 88 89 90 91, on right: 22 23 42
id (91)
    on left: 92, on right: 15 16 24 43 44 73 74 93 94
call (92)
    on left: 93, on right: 29 82
len (93)
    on left: 94 95, on right: 81
boolean (94)
    on left: 96 97, on right: 76
string (95)
    on left: 98, on right: 77 95
char (96)
    on left: 99, on right: 78
real (97)
    on left: 100, on right: 79
int (98)
    on left: 101, on right: 80
null (99)
    on left: 102, on right: 83


State 0

    0 $accept: . program $end

    $default  reduce using rule 6 (code_pros)

    program    go to state 1
    code       go to state 2
    code_pros  go to state 3


State 1

    0 $accept: program . $end

    $end  shift, and go to state 4


State 2

    1 program: code .

    $default  reduce using rule 1 (program)


State 3

    2 code: code_pros .
    3 code_pros: code_pros . proc
    4          | code_pros . func
    5          | code_pros . main

    PROC  shift, and go to state 5
    FUNC  shift, and go to state 6

    $default  reduce using rule 2 (code)

    func  go to state 7
    proc  go to state 8
    main  go to state 9


State 4

    0 $accept: program $end .

    $default  accept


State 5

    8 proc: PROC . proc_id '(' get_arg ')' continue_proc
    9 main: PROC . MAIN '(' ')' continue_proc

    MAIN  shift, and go to state 10
    ID    shift, and go to state 11

    proc_id  go to state 12
    id       go to state 13


State 6

    7 func: FUNC . proc_id '(' get_arg ')' RETURN continue_func

    ID  shift, and go to state 11

    proc_id  go to state 14
    id       go to state 13


State 7

    4 code_pros: code_pros func .

    $default  reduce using rule 4 (code_pros)


State 8

    3 code_pros: code_pros proc .

    $default  reduce using rule 3 (code_pros)


State 9

    5 code_pros: code_pros main .

    $default  reduce using rule 5 (code_pros)


State 10

    9 main: PROC MAIN . '(' ')' continue_proc

    '('  shift, and go to state 15


State 11

   92 id: ID .

    $default  reduce using rule 92 (id)


State 12

    8 proc: PROC proc_id . '(' get_arg ')' continue_proc

    '('  shift, and go to state 16


State 13

   24 proc_id: id .

    $default  reduce using rule 24 (proc_id)


State 14

    7 func: FUNC proc_id . '(' get_arg ')' RETURN continue_func

    '('  shift, and go to state 17


State 15

    9 main: PROC MAIN '(' . ')' continue_proc

    ')'  shift, and go to state 18


State 16

    8 proc: PROC proc_id '(' . get_arg ')' continue_proc

    ID  shift, and go to state 11

    $default  reduce using rule 17 (no_args)

    get_arg    go to state 19
    args_list  go to state 20
    yes_args   go to state 21
    args       go to state 22
    no_args    go to state 23
    id         go to state 24


State 17

    7 func: FUNC proc_id '(' . get_arg ')' RETURN continue_func

    ID  shift, and go to state 11

    $default  reduce using rule 17 (no_args)

    get_arg    go to state 25
    args_list  go to state 20
    yes_args   go to state 21
    args       go to state 22
    no_args    go to state 23
    id         go to state 24


State 18

    9 main: PROC MAIN '(' ')' . continue_proc

    '{'  shift, and go to state 26

    continue_proc  go to state 27


State 19

    8 proc: PROC proc_id '(' get_arg . ')' continue_proc

    ')'  shift, and go to state 28


State 20

   10 get_arg: args_list .

    $default  reduce using rule 10 (get_arg)


State 21

   12 args_list: yes_args .
   14 yes_args: yes_args . ';' args ':' arg_type

    ';'  shift, and go to state 29

    $default  reduce using rule 12 (args_list)


State 22

   13 yes_args: args . ':' arg_type
   16 args: args . ',' id

    ':'  shift, and go to state 30
    ','  shift, and go to state 31


State 23

   11 args_list: no_args .

    $default  reduce using rule 11 (args_list)


State 24

   15 args: id .

    $default  reduce using rule 15 (args)


State 25

    7 func: FUNC proc_id '(' get_arg . ')' RETURN continue_func

    ')'  shift, and go to state 32


State 26

   25 continue_proc: '{' . body '}'

    IF      shift, and go to state 33
    WHILE   shift, and go to state 34
    FOR     shift, and go to state 35
    PROC    shift, and go to state 36
    FUNC    shift, and go to state 6
    VAR     shift, and go to state 37
    RETURN  shift, and go to state 38
    ID      shift, and go to state 11
    DEREF   shift, and go to state 39
    '{'     shift, and go to state 40

    $default  reduce using rule 27 (body)

    func              go to state 41
    proc              go to state 42
    body              go to state 43
    the_ret           go to state 44
    statment          go to state 45
    statmentss        go to state 46
    var_decls         go to state 47
    initign_statment  go to state 48
    if_statment       go to state 49
    while_statment    go to state 50
    for_statment      go to state 51
    lhs               go to state 52
    id                go to state 53
    call              go to state 54


State 27

    9 main: PROC MAIN '(' ')' continue_proc .

    $default  reduce using rule 9 (main)


State 28

    8 proc: PROC proc_id '(' get_arg ')' . continue_proc

    '{'  shift, and go to state 26

    continue_proc  go to state 55


State 29

   14 yes_args: yes_args ';' . args ':' arg_type

    ID  shift, and go to state 11

    args  go to state 56
    id    go to state 24


State 30

   13 yes_args: args ':' . arg_type

    TYPE_BOOL    shift, and go to state 57
    TYPE_CHAR    shift, and go to state 58
    TYPE_INT     shift, and go to state 59
    TYPE_REAL    shift, and go to state 60
    TYPE_STRING  shift, and go to state 61
    INT_PTR      shift, and go to state 62
    CHAR_PTR     shift, and go to state 63
    REAL_PTR     shift, and go to state 64

    arg_type  go to state 65
    type      go to state 66


State 31

   16 args: args ',' . id

    ID  shift, and go to state 11

    id  go to state 67


State 32

    7 func: FUNC proc_id '(' get_arg ')' . RETURN continue_func

    RETURN  shift, and go to state 68


State 33

   47 if_statment: IF . '(' expression ')' statment else_statment

    '('  shift, and go to state 69


State 34

   50 while_statment: WHILE . '(' expression ')' block

    '('  shift, and go to state 70


State 35

   51 for_statment: FOR . '(' for_cond ')' block

    '('  shift, and go to state 71


State 36

    8 proc: PROC . proc_id '(' get_arg ')' continue_proc

    ID  shift, and go to state 11

    proc_id  go to state 12
    id       go to state 13


State 37

   42 var_decls: VAR . ids ':' type ';'

    ID  shift, and go to state 11

    ids  go to state 72
    id   go to state 73


State 38

   28 the_ret: RETURN . expression ';'

    TYPE_NULL   shift, and go to state 74
    BOOL_TRUE   shift, and go to state 75
    BOOL_FALSE  shift, and go to state 76
    REAL        shift, and go to state 77
    ID          shift, and go to state 11
    INT         shift, and go to state 78
    CHAR        shift, and go to state 79
    STRING      shift, and go to state 80
    NOT         shift, and go to state 81
    AMP         shift, and go to state 82
    DEREF       shift, and go to state 83
    '('         shift, and go to state 84
    '|'         shift, and go to state 85

    expression  go to state 86
    lhs         go to state 87
    value       go to state 88
    id          go to state 53
    call        go to state 89
    len         go to state 90
    boolean     go to state 91
    string      go to state 92
    char        go to state 93
    real        go to state 94
    int         go to state 95
    null        go to state 96


State 39

   46 initign_statment: DEREF . lhs EQ expression semico

    ID  shift, and go to state 11

    lhs  go to state 97
    id   go to state 98


State 40

   35 statment: '{' . statmentss '}'

    IF      shift, and go to state 33
    WHILE   shift, and go to state 34
    FOR     shift, and go to state 35
    PROC    shift, and go to state 36
    FUNC    shift, and go to state 6
    VAR     shift, and go to state 37
    RETURN  shift, and go to state 38
    ID      shift, and go to state 11
    DEREF   shift, and go to state 39
    '{'     shift, and go to state 40

    func              go to state 41
    proc              go to state 42
    the_ret           go to state 44
    statment          go to state 45
    statmentss        go to state 99
    var_decls         go to state 47
    initign_statment  go to state 48
    if_statment       go to state 49
    while_statment    go to state 50
    for_statment      go to state 51
    lhs               go to state 52
    id                go to state 53
    call              go to state 54


State 41

   37 statment: func .

    $default  reduce using rule 37 (statment)


State 42

   38 statment: proc .

    $default  reduce using rule 38 (statment)


State 43

   25 continue_proc: '{' body . '}'

    '}'  shift, and go to state 100


State 44

   36 statment: the_ret .

    $default  reduce using rule 36 (statment)


State 45

   41 statmentss: statment .

    $default  reduce using rule 41 (statmentss)


State 46

   26 body: statmentss .
   40 statmentss: statmentss . statment

    IF      shift, and go to state 33
    WHILE   shift, and go to state 34
    FOR     shift, and go to state 35
    PROC    shift, and go to state 36
    FUNC    shift, and go to state 6
    VAR     shift, and go to state 37
    RETURN  shift, and go to state 38
    ID      shift, and go to state 11
    DEREF   shift, and go to state 39
    '{'     shift, and go to state 40

    $default  reduce using rule 26 (body)

    func              go to state 41
    proc              go to state 42
    the_ret           go to state 44
    statment          go to state 101
    var_decls         go to state 47
    initign_statment  go to state 48
    if_statment       go to state 49
    while_statment    go to state 50
    for_statment      go to state 51
    lhs               go to state 52
    id                go to state 53
    call              go to state 54


State 47

   34 statment: var_decls .

    $default  reduce using rule 34 (statment)


State 48

   33 statment: initign_statment .

    $default  reduce using rule 33 (statment)


State 49

   30 statment: if_statment .

    $default  reduce using rule 30 (statment)


State 50

   32 statment: while_statment .

    $default  reduce using rule 32 (statment)


State 51

   31 statment: for_statment .

    $default  reduce using rule 31 (statment)


State 52

   45 initign_statment: lhs . EQ expression semico

    EQ  shift, and go to state 102


State 53

   73 lhs: id .
   74    | id . '[' expression ']'
   93 call: id . '(' call_args ')'

    '('  shift, and go to state 103
    '['  shift, and go to state 104

    $default  reduce using rule 73 (lhs)


State 54

   29 statment: call . semico

    ';'  shift, and go to state 105

    semico  go to state 106


State 55

    8 proc: PROC proc_id '(' get_arg ')' continue_proc .

    $default  reduce using rule 8 (proc)


State 56

   14 yes_args: yes_args ';' args . ':' arg_type
   16 args: args . ',' id

    ':'  shift, and go to state 107
    ','  shift, and go to state 31


State 57

   85 type: TYPE_BOOL .

    $default  reduce using rule 85 (type)


State 58

   86 type: TYPE_CHAR .

    $default  reduce using rule 86 (type)


State 59

   84 type: TYPE_INT .

    $default  reduce using rule 84 (type)


State 60

   87 type: TYPE_REAL .

    $default  reduce using rule 87 (type)


State 61

   88 type: TYPE_STRING . '[' INT ']'

    '['  shift, and go to state 108


State 62

   89 type: INT_PTR .

    $default  reduce using rule 89 (type)


State 63

   90 type: CHAR_PTR .

    $default  reduce using rule 90 (type)


State 64

   91 type: REAL_PTR .

    $default  reduce using rule 91 (type)


State 65

   13 yes_args: args ':' arg_type .

    $default  reduce using rule 13 (yes_args)


State 66

   22 arg_type: type .

    $default  reduce using rule 22 (arg_type)


State 67

   16 args: args ',' id .

    $default  reduce using rule 16 (args)


State 68

    7 func: FUNC proc_id '(' get_arg ')' RETURN . continue_func

    TYPE_BOOL    shift, and go to state 57
    TYPE_CHAR    shift, and go to state 58
    TYPE_INT     shift, and go to state 59
    TYPE_REAL    shift, and go to state 60
    TYPE_STRING  shift, and go to state 61
    INT_PTR      shift, and go to state 62
    CHAR_PTR     shift, and go to state 63
    REAL_PTR     shift, and go to state 64

    continue_func  go to state 109
    type           go to state 110


State 69

   47 if_statment: IF '(' . expression ')' statment else_statment

    TYPE_NULL   shift, and go to state 74
    BOOL_TRUE   shift, and go to state 75
    BOOL_FALSE  shift, and go to state 76
    REAL        shift, and go to state 77
    ID          shift, and go to state 11
    INT         shift, and go to state 78
    CHAR        shift, and go to state 79
    STRING      shift, and go to state 80
    NOT         shift, and go to state 81
    AMP         shift, and go to state 82
    DEREF       shift, and go to state 83
    '('         shift, and go to state 84
    '|'         shift, and go to state 85

    expression  go to state 111
    lhs         go to state 87
    value       go to state 88
    id          go to state 53
    call        go to state 89
    len         go to state 90
    boolean     go to state 91
    string      go to state 92
    char        go to state 93
    real        go to state 94
    int         go to state 95
    null        go to state 96


State 70

   50 while_statment: WHILE '(' . expression ')' block

    TYPE_NULL   shift, and go to state 74
    BOOL_TRUE   shift, and go to state 75
    BOOL_FALSE  shift, and go to state 76
    REAL        shift, and go to state 77
    ID          shift, and go to state 11
    INT         shift, and go to state 78
    CHAR        shift, and go to state 79
    STRING      shift, and go to state 80
    NOT         shift, and go to state 81
    AMP         shift, and go to state 82
    DEREF       shift, and go to state 83
    '('         shift, and go to state 84
    '|'         shift, and go to state 85

    expression  go to state 112
    lhs         go to state 87
    value       go to state 88
    id          go to state 53
    call        go to state 89
    len         go to state 90
    boolean     go to state 91
    string      go to state 92
    char        go to state 93
    real        go to state 94
    int         go to state 95
    null        go to state 96


State 71

   51 for_statment: FOR '(' . for_cond ')' block

    ID     shift, and go to state 11
    DEREF  shift, and go to state 113

    for_cond  go to state 114
    init      go to state 115
    lhs       go to state 116
    id        go to state 98


State 72

   42 var_decls: VAR ids . ':' type ';'
   43 ids: ids . ',' id

    ':'  shift, and go to state 117
    ','  shift, and go to state 118


State 73

   44 ids: id .

    $default  reduce using rule 44 (ids)


State 74

  102 null: TYPE_NULL .

    $default  reduce using rule 102 (null)


State 75

   96 boolean: BOOL_TRUE .

    $default  reduce using rule 96 (boolean)


State 76

   97 boolean: BOOL_FALSE .

    $default  reduce using rule 97 (boolean)


State 77

  100 real: REAL .

    $default  reduce using rule 100 (real)


State 78

  101 int: INT .

    $default  reduce using rule 101 (int)


State 79

   99 char: CHAR .

    $default  reduce using rule 99 (char)


State 80

   98 string: STRING .

    $default  reduce using rule 98 (string)


State 81

   65 expression: NOT . expression

    TYPE_NULL   shift, and go to state 74
    BOOL_TRUE   shift, and go to state 75
    BOOL_FALSE  shift, and go to state 76
    REAL        shift, and go to state 77
    ID          shift, and go to state 11
    INT         shift, and go to state 78
    CHAR        shift, and go to state 79
    STRING      shift, and go to state 80
    NOT         shift, and go to state 81
    AMP         shift, and go to state 82
    DEREF       shift, and go to state 83
    '('         shift, and go to state 84
    '|'         shift, and go to state 85

    expression  go to state 119
    lhs         go to state 87
    value       go to state 88
    id          go to state 53
    call        go to state 89
    len         go to state 90
    boolean     go to state 91
    string      go to state 92
    char        go to state 93
    real        go to state 94
    int         go to state 95
    null        go to state 96


State 82

   72 expression: AMP . expression

    TYPE_NULL   shift, and go to state 74
    BOOL_TRUE   shift, and go to state 75
    BOOL_FALSE  shift, and go to state 76
    REAL        shift, and go to state 77
    ID          shift, and go to state 11
    INT         shift, and go to state 78
    CHAR        shift, and go to state 79
    STRING      shift, and go to state 80
    NOT         shift, and go to state 81
    AMP         shift, and go to state 82
    DEREF       shift, and go to state 83
    '('         shift, and go to state 84
    '|'         shift, and go to state 85

    expression  go to state 120
    lhs         go to state 87
    value       go to state 88
    id          go to state 53
    call        go to state 89
    len         go to state 90
    boolean     go to state 91
    string      go to state 92
    char        go to state 93
    real        go to state 94
    int         go to state 95
    null        go to state 96


State 83

   71 expression: DEREF . expression

    TYPE_NULL   shift, and go to state 74
    BOOL_TRUE   shift, and go to state 75
    BOOL_FALSE  shift, and go to state 76
    REAL        shift, and go to state 77
    ID          shift, and go to state 11
    INT         shift, and go to state 78
    CHAR        shift, and go to state 79
    STRING      shift, and go to state 80
    NOT         shift, and go to state 81
    AMP         shift, and go to state 82
    DEREF       shift, and go to state 83
    '('         shift, and go to state 84
    '|'         shift, and go to state 85

    expression  go to state 121
    lhs         go to state 87
    value       go to state 88
    id          go to state 53
    call        go to state 89
    len         go to state 90
    boolean     go to state 91
    string      go to state 92
    char        go to state 93
    real        go to state 94
    int         go to state 95
    null        go to state 96


State 84

   69 expression: '(' . expression ')'

    TYPE_NULL   shift, and go to state 74
    BOOL_TRUE   shift, and go to state 75
    BOOL_FALSE  shift, and go to state 76
    REAL        shift, and go to state 77
    ID          shift, and go to state 11
    INT         shift, and go to state 78
    CHAR        shift, and go to state 79
    STRING      shift, and go to state 80
    NOT         shift, and go to state 81
    AMP         shift, and go to state 82
    DEREF       shift, and go to state 83
    '('         shift, and go to state 84
    '|'         shift, and go to state 85

    expression  go to state 122
    lhs         go to state 87
    value       go to state 88
    id          go to state 53
    call        go to state 89
    len         go to state 90
    boolean     go to state 91
    string      go to state 92
    char        go to state 93
    real        go to state 94
    int         go to state 95
    null        go to state 96


State 85

   94 len: '|' . id '|'
   95    | '|' . string '|'

    ID      shift, and go to state 11
    STRING  shift, and go to state 80

    id      go to state 123
    string  go to state 124


State 86

   28 the_ret: RETURN expression . ';'
   56 expression: expression . PLUS expression
   57           | expression . MINUS expression
   58           | expression . MUL expression
   59           | expression . DIVIDE expression
   60           | expression . EQEQ expression
   61           | expression . GT expression
   62           | expression . GTE expression
   63           | expression . LT expression
   64           | expression . LTE expression
   66           | expression . NOTEQ expression
   67           | expression . OR expression
   68           | expression . AND expression

    ';'     shift, and go to state 125
    AND     shift, and go to state 126
    DIVIDE  shift, and go to state 127
    EQEQ    shift, and go to state 128
    GT      shift, and go to state 129
    GTE     shift, and go to state 130
    LT      shift, and go to state 131
    LTE     shift, and go to state 132
    MINUS   shift, and go to state 133
    NOTEQ   shift, and go to state 134
    OR      shift, and go to state 135
    PLUS    shift, and go to state 136
    MUL     shift, and go to state 137


State 87

   75 value: lhs .

    $default  reduce using rule 75 (value)


State 88

   70 expression: value .

    $default  reduce using rule 70 (expression)


State 89

   82 value: call .

    $default  reduce using rule 82 (value)


State 90

   81 value: len .

    $default  reduce using rule 81 (value)


State 91

   76 value: boolean .

    $default  reduce using rule 76 (value)


State 92

   77 value: string .

    $default  reduce using rule 77 (value)


State 93

   78 value: char .

    $default  reduce using rule 78 (value)


State 94

   79 value: real .

    $default  reduce using rule 79 (value)


State 95

   80 value: int .

    $default  reduce using rule 80 (value)


State 96

   83 value: null .

    $default  reduce using rule 83 (value)


State 97

   46 initign_statment: DEREF lhs . EQ expression semico

    EQ  shift, and go to state 138


State 98

   73 lhs: id .
   74    | id . '[' expression ']'

    '['  shift, and go to state 104

    $default  reduce using rule 73 (lhs)


State 99

   35 statment: '{' statmentss . '}'
   40 statmentss: statmentss . statment

    IF      shift, and go to state 33
    WHILE   shift, and go to state 34
    FOR     shift, and go to state 35
    PROC    shift, and go to state 36
    FUNC    shift, and go to state 6
    VAR     shift, and go to state 37
    RETURN  shift, and go to state 38
    ID      shift, and go to state 11
    DEREF   shift, and go to state 39
    '{'     shift, and go to state 40
    '}'     shift, and go to state 139

    func              go to state 41
    proc              go to state 42
    the_ret           go to state 44
    statment          go to state 101
    var_decls         go to state 47
    initign_statment  go to state 48
    if_statment       go to state 49
    while_statment    go to state 50
    for_statment      go to state 51
    lhs               go to state 52
    id                go to state 53
    call              go to state 54


State 100

   25 continue_proc: '{' body '}' .

    $default  reduce using rule 25 (continue_proc)


State 101

   40 statmentss: statmentss statment .

    $default  reduce using rule 40 (statmentss)


State 102

   45 initign_statment: lhs EQ . expression semico

    TYPE_NULL   shift, and go to state 74
    BOOL_TRUE   shift, and go to state 75
    BOOL_FALSE  shift, and go to state 76
    REAL        shift, and go to state 77
    ID          shift, and go to state 11
    INT         shift, and go to state 78
    CHAR        shift, and go to state 79
    STRING      shift, and go to state 80
    NOT         shift, and go to state 81
    AMP         shift, and go to state 82
    DEREF       shift, and go to state 83
    '('         shift, and go to state 84
    '|'         shift, and go to state 85

    expression  go to state 140
    lhs         go to state 87
    value       go to state 88
    id          go to state 53
    call        go to state 89
    len         go to state 90
    boolean     go to state 91
    string      go to state 92
    char        go to state 93
    real        go to state 94
    int         go to state 95
    null        go to state 96


State 103

   93 call: id '(' . call_args ')'

    TYPE_NULL   shift, and go to state 74
    BOOL_TRUE   shift, and go to state 75
    BOOL_FALSE  shift, and go to state 76
    REAL        shift, and go to state 77
    ID          shift, and go to state 11
    INT         shift, and go to state 78
    CHAR        shift, and go to state 79
    STRING      shift, and go to state 80
    NOT         shift, and go to state 81
    AMP         shift, and go to state 82
    DEREF       shift, and go to state 83
    '('         shift, and go to state 84
    '|'         shift, and go to state 85

    $default  reduce using rule 17 (no_args)

    no_args     go to state 141
    call_args   go to state 142
    args_2      go to state 143
    expression  go to state 144
    lhs         go to state 87
    value       go to state 88
    id          go to state 53
    call        go to state 89
    len         go to state 90
    boolean     go to state 91
    string      go to state 92
    char        go to state 93
    real        go to state 94
    int         go to state 95
    null        go to state 96


State 104

   74 lhs: id '[' . expression ']'

    TYPE_NULL   shift, and go to state 74
    BOOL_TRUE   shift, and go to state 75
    BOOL_FALSE  shift, and go to state 76
    REAL        shift, and go to state 77
    ID          shift, and go to state 11
    INT         shift, and go to state 78
    CHAR        shift, and go to state 79
    STRING      shift, and go to state 80
    NOT         shift, and go to state 81
    AMP         shift, and go to state 82
    DEREF       shift, and go to state 83
    '('         shift, and go to state 84
    '|'         shift, and go to state 85

    expression  go to state 145
    lhs         go to state 87
    value       go to state 88
    id          go to state 53
    call        go to state 89
    len         go to state 90
    boolean     go to state 91
    string      go to state 92
    char        go to state 93
    real        go to state 94
    int         go to state 95
    null        go to state 96


State 105

   39 semico: ';' .

    $default  reduce using rule 39 (semico)


State 106

   29 statment: call semico .

    $default  reduce using rule 29 (statment)


State 107

   14 yes_args: yes_args ';' args ':' . arg_type

    TYPE_BOOL    shift, and go to state 57
    TYPE_CHAR    shift, and go to state 58
    TYPE_INT     shift, and go to state 59
    TYPE_REAL    shift, and go to state 60
    TYPE_STRING  shift, and go to state 61
    INT_PTR      shift, and go to state 62
    CHAR_PTR     shift, and go to state 63
    REAL_PTR     shift, and go to state 64

    arg_type  go to state 146
    type      go to state 66


State 108

   88 type: TYPE_STRING '[' . INT ']'

    INT  shift, and go to state 147


State 109

    7 func: FUNC proc_id '(' get_arg ')' RETURN continue_func .

    $default  reduce using rule 7 (func)


State 110

   23 continue_func: type . '{' body '}'

    '{'  shift, and go to state 148


State 111

   47 if_statment: IF '(' expression . ')' statment else_statment
   56 expression: expression . PLUS expression
   57           | expression . MINUS expression
   58           | expression . MUL expression
   59           | expression . DIVIDE expression
   60           | expression . EQEQ expression
   61           | expression . GT expression
   62           | expression . GTE expression
   63           | expression . LT expression
   64           | expression . LTE expression
   66           | expression . NOTEQ expression
   67           | expression . OR expression
   68           | expression . AND expression

    AND     shift, and go to state 126
    DIVIDE  shift, and go to state 127
    EQEQ    shift, and go to state 128
    GT      shift, and go to state 129
    GTE     shift, and go to state 130
    LT      shift, and go to state 131
    LTE     shift, and go to state 132
    MINUS   shift, and go to state 133
    NOTEQ   shift, and go to state 134
    OR      shift, and go to state 135
    PLUS    shift, and go to state 136
    MUL     shift, and go to state 137
    ')'     shift, and go to state 149


State 112

   50 while_statment: WHILE '(' expression . ')' block
   56 expression: expression . PLUS expression
   57           | expression . MINUS expression
   58           | expression . MUL expression
   59           | expression . DIVIDE expression
   60           | expression . EQEQ expression
   61           | expression . GT expression
   62           | expression . GTE expression
   63           | expression . LT expression
   64           | expression . LTE expression
   66           | expression . NOTEQ expression
   67           | expression . OR expression
   68           | expression . AND expression

    AND     shift, and go to state 126
    DIVIDE  shift, and go to state 127
    EQEQ    shift, and go to state 128
    GT      shift, and go to state 129
    GTE     shift, and go to state 130
    LT      shift, and go to state 131
    LTE     shift, and go to state 132
    MINUS   shift, and go to state 133
    NOTEQ   shift, and go to state 134
    OR      shift, and go to state 135
    PLUS    shift, and go to state 136
    MUL     shift, and go to state 137
    ')'     shift, and go to state 150


State 113

   54 init: DEREF . lhs EQ expression

    ID  shift, and go to state 11

    lhs  go to state 151
    id   go to state 98


State 114

   51 for_statment: FOR '(' for_cond . ')' block

    ')'  shift, and go to state 152


State 115

   52 for_cond: init . semico expression semico init

    ';'  shift, and go to state 105

    semico  go to state 153


State 116

   53 init: lhs . EQ expression

    EQ  shift, and go to state 154


State 117

   42 var_decls: VAR ids ':' . type ';'

    TYPE_BOOL    shift, and go to state 57
    TYPE_CHAR    shift, and go to state 58
    TYPE_INT     shift, and go to state 59
    TYPE_REAL    shift, and go to state 60
    TYPE_STRING  shift, and go to state 61
    INT_PTR      shift, and go to state 62
    CHAR_PTR     shift, and go to state 63
    REAL_PTR     shift, and go to state 64

    type  go to state 155


State 118

   43 ids: ids ',' . id

    ID  shift, and go to state 11

    id  go to state 156


State 119

   56 expression: expression . PLUS expression
   57           | expression . MINUS expression
   58           | expression . MUL expression
   59           | expression . DIVIDE expression
   60           | expression . EQEQ expression
   61           | expression . GT expression
   62           | expression . GTE expression
   63           | expression . LT expression
   64           | expression . LTE expression
   65           | NOT expression .
   66           | expression . NOTEQ expression
   67           | expression . OR expression
   68           | expression . AND expression

    DIVIDE  shift, and go to state 127
    MINUS   shift, and go to state 133
    PLUS    shift, and go to state 136
    MUL     shift, and go to state 137

    $default  reduce using rule 65 (expression)


State 120

   56 expression: expression . PLUS expression
   57           | expression . MINUS expression
   58           | expression . MUL expression
   59           | expression . DIVIDE expression
   60           | expression . EQEQ expression
   61           | expression . GT expression
   62           | expression . GTE expression
   63           | expression . LT expression
   64           | expression . LTE expression
   66           | expression . NOTEQ expression
   67           | expression . OR expression
   68           | expression . AND expression
   72           | AMP expression .

    DIVIDE  shift, and go to state 127
    MINUS   shift, and go to state 133
    PLUS    shift, and go to state 136
    MUL     shift, and go to state 137

    $default  reduce using rule 72 (expression)


State 121

   56 expression: expression . PLUS expression
   57           | expression . MINUS expression
   58           | expression . MUL expression
   59           | expression . DIVIDE expression
   60           | expression . EQEQ expression
   61           | expression . GT expression
   62           | expression . GTE expression
   63           | expression . LT expression
   64           | expression . LTE expression
   66           | expression . NOTEQ expression
   67           | expression . OR expression
   68           | expression . AND expression
   71           | DEREF expression .

    DIVIDE  shift, and go to state 127
    MINUS   shift, and go to state 133
    PLUS    shift, and go to state 136
    MUL     shift, and go to state 137

    $default  reduce using rule 71 (expression)


State 122

   56 expression: expression . PLUS expression
   57           | expression . MINUS expression
   58           | expression . MUL expression
   59           | expression . DIVIDE expression
   60           | expression . EQEQ expression
   61           | expression . GT expression
   62           | expression . GTE expression
   63           | expression . LT expression
   64           | expression . LTE expression
   66           | expression . NOTEQ expression
   67           | expression . OR expression
   68           | expression . AND expression
   69           | '(' expression . ')'

    AND     shift, and go to state 126
    DIVIDE  shift, and go to state 127
    EQEQ    shift, and go to state 128
    GT      shift, and go to state 129
    GTE     shift, and go to state 130
    LT      shift, and go to state 131
    LTE     shift, and go to state 132
    MINUS   shift, and go to state 133
    NOTEQ   shift, and go to state 134
    OR      shift, and go to state 135
    PLUS    shift, and go to state 136
    MUL     shift, and go to state 137
    ')'     shift, and go to state 157


State 123

   94 len: '|' id . '|'

    '|'  shift, and go to state 158


State 124

   95 len: '|' string . '|'

    '|'  shift, and go to state 159


State 125

   28 the_ret: RETURN expression ';' .

    $default  reduce using rule 28 (the_ret)


State 126

   68 expression: expression AND . expression

    TYPE_NULL   shift, and go to state 74
    BOOL_TRUE   shift, and go to state 75
    BOOL_FALSE  shift, and go to state 76
    REAL        shift, and go to state 77
    ID          shift, and go to state 11
    INT         shift, and go to state 78
    CHAR        shift, and go to state 79
    STRING      shift, and go to state 80
    NOT         shift, and go to state 81
    AMP         shift, and go to state 82
    DEREF       shift, and go to state 83
    '('         shift, and go to state 84
    '|'         shift, and go to state 85

    expression  go to state 160
    lhs         go to state 87
    value       go to state 88
    id          go to state 53
    call        go to state 89
    len         go to state 90
    boolean     go to state 91
    string      go to state 92
    char        go to state 93
    real        go to state 94
    int         go to state 95
    null        go to state 96


State 127

   59 expression: expression DIVIDE . expression

    TYPE_NULL   shift, and go to state 74
    BOOL_TRUE   shift, and go to state 75
    BOOL_FALSE  shift, and go to state 76
    REAL        shift, and go to state 77
    ID          shift, and go to state 11
    INT         shift, and go to state 78
    CHAR        shift, and go to state 79
    STRING      shift, and go to state 80
    NOT         shift, and go to state 81
    AMP         shift, and go to state 82
    DEREF       shift, and go to state 83
    '('         shift, and go to state 84
    '|'         shift, and go to state 85

    expression  go to state 161
    lhs         go to state 87
    value       go to state 88
    id          go to state 53
    call        go to state 89
    len         go to state 90
    boolean     go to state 91
    string      go to state 92
    char        go to state 93
    real        go to state 94
    int         go to state 95
    null        go to state 96


State 128

   60 expression: expression EQEQ . expression

    TYPE_NULL   shift, and go to state 74
    BOOL_TRUE   shift, and go to state 75
    BOOL_FALSE  shift, and go to state 76
    REAL        shift, and go to state 77
    ID          shift, and go to state 11
    INT         shift, and go to state 78
    CHAR        shift, and go to state 79
    STRING      shift, and go to state 80
    NOT         shift, and go to state 81
    AMP         shift, and go to state 82
    DEREF       shift, and go to state 83
    '('         shift, and go to state 84
    '|'         shift, and go to state 85

    expression  go to state 162
    lhs         go to state 87
    value       go to state 88
    id          go to state 53
    call        go to state 89
    len         go to state 90
    boolean     go to state 91
    string      go to state 92
    char        go to state 93
    real        go to state 94
    int         go to state 95
    null        go to state 96


State 129

   61 expression: expression GT . expression

    TYPE_NULL   shift, and go to state 74
    BOOL_TRUE   shift, and go to state 75
    BOOL_FALSE  shift, and go to state 76
    REAL        shift, and go to state 77
    ID          shift, and go to state 11
    INT         shift, and go to state 78
    CHAR        shift, and go to state 79
    STRING      shift, and go to state 80
    NOT         shift, and go to state 81
    AMP         shift, and go to state 82
    DEREF       shift, and go to state 83
    '('         shift, and go to state 84
    '|'         shift, and go to state 85

    expression  go to state 163
    lhs         go to state 87
    value       go to state 88
    id          go to state 53
    call        go to state 89
    len         go to state 90
    boolean     go to state 91
    string      go to state 92
    char        go to state 93
    real        go to state 94
    int         go to state 95
    null        go to state 96


State 130

   62 expression: expression GTE . expression

    TYPE_NULL   shift, and go to state 74
    BOOL_TRUE   shift, and go to state 75
    BOOL_FALSE  shift, and go to state 76
    REAL        shift, and go to state 77
    ID          shift, and go to state 11
    INT         shift, and go to state 78
    CHAR        shift, and go to state 79
    STRING      shift, and go to state 80
    NOT         shift, and go to state 81
    AMP         shift, and go to state 82
    DEREF       shift, and go to state 83
    '('         shift, and go to state 84
    '|'         shift, and go to state 85

    expression  go to state 164
    lhs         go to state 87
    value       go to state 88
    id          go to state 53
    call        go to state 89
    len         go to state 90
    boolean     go to state 91
    string      go to state 92
    char        go to state 93
    real        go to state 94
    int         go to state 95
    null        go to state 96


State 131

   63 expression: expression LT . expression

    TYPE_NULL   shift, and go to state 74
    BOOL_TRUE   shift, and go to state 75
    BOOL_FALSE  shift, and go to state 76
    REAL        shift, and go to state 77
    ID          shift, and go to state 11
    INT         shift, and go to state 78
    CHAR        shift, and go to state 79
    STRING      shift, and go to state 80
    NOT         shift, and go to state 81
    AMP         shift, and go to state 82
    DEREF       shift, and go to state 83
    '('         shift, and go to state 84
    '|'         shift, and go to state 85

    expression  go to state 165
    lhs         go to state 87
    value       go to state 88
    id          go to state 53
    call        go to state 89
    len         go to state 90
    boolean     go to state 91
    string      go to state 92
    char        go to state 93
    real        go to state 94
    int         go to state 95
    null        go to state 96


State 132

   64 expression: expression LTE . expression

    TYPE_NULL   shift, and go to state 74
    BOOL_TRUE   shift, and go to state 75
    BOOL_FALSE  shift, and go to state 76
    REAL        shift, and go to state 77
    ID          shift, and go to state 11
    INT         shift, and go to state 78
    CHAR        shift, and go to state 79
    STRING      shift, and go to state 80
    NOT         shift, and go to state 81
    AMP         shift, and go to state 82
    DEREF       shift, and go to state 83
    '('         shift, and go to state 84
    '|'         shift, and go to state 85

    expression  go to state 166
    lhs         go to state 87
    value       go to state 88
    id          go to state 53
    call        go to state 89
    len         go to state 90
    boolean     go to state 91
    string      go to state 92
    char        go to state 93
    real        go to state 94
    int         go to state 95
    null        go to state 96


State 133

   57 expression: expression MINUS . expression

    TYPE_NULL   shift, and go to state 74
    BOOL_TRUE   shift, and go to state 75
    BOOL_FALSE  shift, and go to state 76
    REAL        shift, and go to state 77
    ID          shift, and go to state 11
    INT         shift, and go to state 78
    CHAR        shift, and go to state 79
    STRING      shift, and go to state 80
    NOT         shift, and go to state 81
    AMP         shift, and go to state 82
    DEREF       shift, and go to state 83
    '('         shift, and go to state 84
    '|'         shift, and go to state 85

    expression  go to state 167
    lhs         go to state 87
    value       go to state 88
    id          go to state 53
    call        go to state 89
    len         go to state 90
    boolean     go to state 91
    string      go to state 92
    char        go to state 93
    real        go to state 94
    int         go to state 95
    null        go to state 96


State 134

   66 expression: expression NOTEQ . expression

    TYPE_NULL   shift, and go to state 74
    BOOL_TRUE   shift, and go to state 75
    BOOL_FALSE  shift, and go to state 76
    REAL        shift, and go to state 77
    ID          shift, and go to state 11
    INT         shift, and go to state 78
    CHAR        shift, and go to state 79
    STRING      shift, and go to state 80
    NOT         shift, and go to state 81
    AMP         shift, and go to state 82
    DEREF       shift, and go to state 83
    '('         shift, and go to state 84
    '|'         shift, and go to state 85

    expression  go to state 168
    lhs         go to state 87
    value       go to state 88
    id          go to state 53
    call        go to state 89
    len         go to state 90
    boolean     go to state 91
    string      go to state 92
    char        go to state 93
    real        go to state 94
    int         go to state 95
    null        go to state 96


State 135

   67 expression: expression OR . expression

    TYPE_NULL   shift, and go to state 74
    BOOL_TRUE   shift, and go to state 75
    BOOL_FALSE  shift, and go to state 76
    REAL        shift, and go to state 77
    ID          shift, and go to state 11
    INT         shift, and go to state 78
    CHAR        shift, and go to state 79
    STRING      shift, and go to state 80
    NOT         shift, and go to state 81
    AMP         shift, and go to state 82
    DEREF       shift, and go to state 83
    '('         shift, and go to state 84
    '|'         shift, and go to state 85

    expression  go to state 169
    lhs         go to state 87
    value       go to state 88
    id          go to state 53
    call        go to state 89
    len         go to state 90
    boolean     go to state 91
    string      go to state 92
    char        go to state 93
    real        go to state 94
    int         go to state 95
    null        go to state 96


State 136

   56 expression: expression PLUS . expression

    TYPE_NULL   shift, and go to state 74
    BOOL_TRUE   shift, and go to state 75
    BOOL_FALSE  shift, and go to state 76
    REAL        shift, and go to state 77
    ID          shift, and go to state 11
    INT         shift, and go to state 78
    CHAR        shift, and go to state 79
    STRING      shift, and go to state 80
    NOT         shift, and go to state 81
    AMP         shift, and go to state 82
    DEREF       shift, and go to state 83
    '('         shift, and go to state 84
    '|'         shift, and go to state 85

    expression  go to state 170
    lhs         go to state 87
    value       go to state 88
    id          go to state 53
    call        go to state 89
    len         go to state 90
    boolean     go to state 91
    string      go to state 92
    char        go to state 93
    real        go to state 94
    int         go to state 95
    null        go to state 96


State 137

   58 expression: expression MUL . expression

    TYPE_NULL   shift, and go to state 74
    BOOL_TRUE   shift, and go to state 75
    BOOL_FALSE  shift, and go to state 76
    REAL        shift, and go to state 77
    ID          shift, and go to state 11
    INT         shift, and go to state 78
    CHAR        shift, and go to state 79
    STRING      shift, and go to state 80
    NOT         shift, and go to state 81
    AMP         shift, and go to state 82
    DEREF       shift, and go to state 83
    '('         shift, and go to state 84
    '|'         shift, and go to state 85

    expression  go to state 171
    lhs         go to state 87
    value       go to state 88
    id          go to state 53
    call        go to state 89
    len         go to state 90
    boolean     go to state 91
    string      go to state 92
    char        go to state 93
    real        go to state 94
    int         go to state 95
    null        go to state 96


State 138

   46 initign_statment: DEREF lhs EQ . expression semico

    TYPE_NULL   shift, and go to state 74
    BOOL_TRUE   shift, and go to state 75
    BOOL_FALSE  shift, and go to state 76
    REAL        shift, and go to state 77
    ID          shift, and go to state 11
    INT         shift, and go to state 78
    CHAR        shift, and go to state 79
    STRING      shift, and go to state 80
    NOT         shift, and go to state 81
    AMP         shift, and go to state 82
    DEREF       shift, and go to state 83
    '('         shift, and go to state 84
    '|'         shift, and go to state 85

    expression  go to state 172
    lhs         go to state 87
    value       go to state 88
    id          go to state 53
    call        go to state 89
    len         go to state 90
    boolean     go to state 91
    string      go to state 92
    char        go to state 93
    real        go to state 94
    int         go to state 95
    null        go to state 96


State 139

   35 statment: '{' statmentss '}' .

    $default  reduce using rule 35 (statment)


State 140

   45 initign_statment: lhs EQ expression . semico
   56 expression: expression . PLUS expression
   57           | expression . MINUS expression
   58           | expression . MUL expression
   59           | expression . DIVIDE expression
   60           | expression . EQEQ expression
   61           | expression . GT expression
   62           | expression . GTE expression
   63           | expression . LT expression
   64           | expression . LTE expression
   66           | expression . NOTEQ expression
   67           | expression . OR expression
   68           | expression . AND expression

    ';'     shift, and go to state 105
    AND     shift, and go to state 126
    DIVIDE  shift, and go to state 127
    EQEQ    shift, and go to state 128
    GT      shift, and go to state 129
    GTE     shift, and go to state 130
    LT      shift, and go to state 131
    LTE     shift, and go to state 132
    MINUS   shift, and go to state 133
    NOTEQ   shift, and go to state 134
    OR      shift, and go to state 135
    PLUS    shift, and go to state 136
    MUL     shift, and go to state 137

    semico  go to state 173


State 141

   19 call_args: no_args .

    $default  reduce using rule 19 (call_args)


State 142

   93 call: id '(' call_args . ')'

    ')'  shift, and go to state 174


State 143

   18 call_args: args_2 .
   21 args_2: args_2 . ',' expression

    ','  shift, and go to state 175

    $default  reduce using rule 18 (call_args)


State 144

   20 args_2: expression .
   56 expression: expression . PLUS expression
   57           | expression . MINUS expression
   58           | expression . MUL expression
   59           | expression . DIVIDE expression
   60           | expression . EQEQ expression
   61           | expression . GT expression
   62           | expression . GTE expression
   63           | expression . LT expression
   64           | expression . LTE expression
   66           | expression . NOTEQ expression
   67           | expression . OR expression
   68           | expression . AND expression

    AND     shift, and go to state 126
    DIVIDE  shift, and go to state 127
    EQEQ    shift, and go to state 128
    GT      shift, and go to state 129
    GTE     shift, and go to state 130
    LT      shift, and go to state 131
    LTE     shift, and go to state 132
    MINUS   shift, and go to state 133
    NOTEQ   shift, and go to state 134
    OR      shift, and go to state 135
    PLUS    shift, and go to state 136
    MUL     shift, and go to state 137

    $default  reduce using rule 20 (args_2)


State 145

   56 expression: expression . PLUS expression
   57           | expression . MINUS expression
   58           | expression . MUL expression
   59           | expression . DIVIDE expression
   60           | expression . EQEQ expression
   61           | expression . GT expression
   62           | expression . GTE expression
   63           | expression . LT expression
   64           | expression . LTE expression
   66           | expression . NOTEQ expression
   67           | expression . OR expression
   68           | expression . AND expression
   74 lhs: id '[' expression . ']'

    AND     shift, and go to state 126
    DIVIDE  shift, and go to state 127
    EQEQ    shift, and go to state 128
    GT      shift, and go to state 129
    GTE     shift, and go to state 130
    LT      shift, and go to state 131
    LTE     shift, and go to state 132
    MINUS   shift, and go to state 133
    NOTEQ   shift, and go to state 134
    OR      shift, and go to state 135
    PLUS    shift, and go to state 136
    MUL     shift, and go to state 137
    ']'     shift, and go to state 176


State 146

   14 yes_args: yes_args ';' args ':' arg_type .

    $default  reduce using rule 14 (yes_args)


State 147

   88 type: TYPE_STRING '[' INT . ']'

    ']'  shift, and go to state 177


State 148

   23 continue_func: type '{' . body '}'

    IF      shift, and go to state 33
    WHILE   shift, and go to state 34
    FOR     shift, and go to state 35
    PROC    shift, and go to state 36
    FUNC    shift, and go to state 6
    VAR     shift, and go to state 37
    RETURN  shift, and go to state 38
    ID      shift, and go to state 11
    DEREF   shift, and go to state 39
    '{'     shift, and go to state 40

    $default  reduce using rule 27 (body)

    func              go to state 41
    proc              go to state 42
    body              go to state 178
    the_ret           go to state 44
    statment          go to state 45
    statmentss        go to state 46
    var_decls         go to state 47
    initign_statment  go to state 48
    if_statment       go to state 49
    while_statment    go to state 50
    for_statment      go to state 51
    lhs               go to state 52
    id                go to state 53
    call              go to state 54


State 149

   47 if_statment: IF '(' expression ')' . statment else_statment

    IF      shift, and go to state 33
    WHILE   shift, and go to state 34
    FOR     shift, and go to state 35
    PROC    shift, and go to state 36
    FUNC    shift, and go to state 6
    VAR     shift, and go to state 37
    RETURN  shift, and go to state 38
    ID      shift, and go to state 11
    DEREF   shift, and go to state 39
    '{'     shift, and go to state 40

    func              go to state 41
    proc              go to state 42
    the_ret           go to state 44
    statment          go to state 179
    var_decls         go to state 47
    initign_statment  go to state 48
    if_statment       go to state 49
    while_statment    go to state 50
    for_statment      go to state 51
    lhs               go to state 52
    id                go to state 53
    call              go to state 54


State 150

   50 while_statment: WHILE '(' expression ')' . block

    IF      shift, and go to state 33
    WHILE   shift, and go to state 34
    FOR     shift, and go to state 35
    PROC    shift, and go to state 36
    FUNC    shift, and go to state 6
    VAR     shift, and go to state 37
    RETURN  shift, and go to state 38
    ID      shift, and go to state 11
    DEREF   shift, and go to state 39
    '{'     shift, and go to state 40

    func              go to state 41
    proc              go to state 42
    the_ret           go to state 44
    statment          go to state 180
    var_decls         go to state 47
    initign_statment  go to state 48
    if_statment       go to state 49
    while_statment    go to state 50
    for_statment      go to state 51
    block             go to state 181
    lhs               go to state 52
    id                go to state 53
    call              go to state 54


State 151

   54 init: DEREF lhs . EQ expression

    EQ  shift, and go to state 182


State 152

   51 for_statment: FOR '(' for_cond ')' . block

    IF      shift, and go to state 33
    WHILE   shift, and go to state 34
    FOR     shift, and go to state 35
    PROC    shift, and go to state 36
    FUNC    shift, and go to state 6
    VAR     shift, and go to state 37
    RETURN  shift, and go to state 38
    ID      shift, and go to state 11
    DEREF   shift, and go to state 39
    '{'     shift, and go to state 40

    func              go to state 41
    proc              go to state 42
    the_ret           go to state 44
    statment          go to state 180
    var_decls         go to state 47
    initign_statment  go to state 48
    if_statment       go to state 49
    while_statment    go to state 50
    for_statment      go to state 51
    block             go to state 183
    lhs               go to state 52
    id                go to state 53
    call              go to state 54


State 153

   52 for_cond: init semico . expression semico init

    TYPE_NULL   shift, and go to state 74
    BOOL_TRUE   shift, and go to state 75
    BOOL_FALSE  shift, and go to state 76
    REAL        shift, and go to state 77
    ID          shift, and go to state 11
    INT         shift, and go to state 78
    CHAR        shift, and go to state 79
    STRING      shift, and go to state 80
    NOT         shift, and go to state 81
    AMP         shift, and go to state 82
    DEREF       shift, and go to state 83
    '('         shift, and go to state 84
    '|'         shift, and go to state 85

    expression  go to state 184
    lhs         go to state 87
    value       go to state 88
    id          go to state 53
    call        go to state 89
    len         go to state 90
    boolean     go to state 91
    string      go to state 92
    char        go to state 93
    real        go to state 94
    int         go to state 95
    null        go to state 96


State 154

   53 init: lhs EQ . expression

    TYPE_NULL   shift, and go to state 74
    BOOL_TRUE   shift, and go to state 75
    BOOL_FALSE  shift, and go to state 76
    REAL        shift, and go to state 77
    ID          shift, and go to state 11
    INT         shift, and go to state 78
    CHAR        shift, and go to state 79
    STRING      shift, and go to state 80
    NOT         shift, and go to state 81
    AMP         shift, and go to state 82
    DEREF       shift, and go to state 83
    '('         shift, and go to state 84
    '|'         shift, and go to state 85

    expression  go to state 185
    lhs         go to state 87
    value       go to state 88
    id          go to state 53
    call        go to state 89
    len         go to state 90
    boolean     go to state 91
    string      go to state 92
    char        go to state 93
    real        go to state 94
    int         go to state 95
    null        go to state 96


State 155

   42 var_decls: VAR ids ':' type . ';'

    ';'  shift, and go to state 186


State 156

   43 ids: ids ',' id .

    $default  reduce using rule 43 (ids)


State 157

   69 expression: '(' expression ')' .

    $default  reduce using rule 69 (expression)


State 158

   94 len: '|' id '|' .

    $default  reduce using rule 94 (len)


State 159

   95 len: '|' string '|' .

    $default  reduce using rule 95 (len)


State 160

   56 expression: expression . PLUS expression
   57           | expression . MINUS expression
   58           | expression . MUL expression
   59           | expression . DIVIDE expression
   60           | expression . EQEQ expression
   61           | expression . GT expression
   62           | expression . GTE expression
   63           | expression . LT expression
   64           | expression . LTE expression
   66           | expression . NOTEQ expression
   67           | expression . OR expression
   68           | expression . AND expression
   68           | expression AND expression .

    DIVIDE  shift, and go to state 127
    EQEQ    shift, and go to state 128
    GT      shift, and go to state 129
    GTE     shift, and go to state 130
    LT      shift, and go to state 131
    LTE     shift, and go to state 132
    MINUS   shift, and go to state 133
    NOTEQ   shift, and go to state 134
    PLUS    shift, and go to state 136
    MUL     shift, and go to state 137

    $default  reduce using rule 68 (expression)


State 161

   56 expression: expression . PLUS expression
   57           | expression . MINUS expression
   58           | expression . MUL expression
   59           | expression . DIVIDE expression
   59           | expression DIVIDE expression .
   60           | expression . EQEQ expression
   61           | expression . GT expression
   62           | expression . GTE expression
   63           | expression . LT expression
   64           | expression . LTE expression
   66           | expression . NOTEQ expression
   67           | expression . OR expression
   68           | expression . AND expression

    $default  reduce using rule 59 (expression)


State 162

   56 expression: expression . PLUS expression
   57           | expression . MINUS expression
   58           | expression . MUL expression
   59           | expression . DIVIDE expression
   60           | expression . EQEQ expression
   60           | expression EQEQ expression .
   61           | expression . GT expression
   62           | expression . GTE expression
   63           | expression . LT expression
   64           | expression . LTE expression
   66           | expression . NOTEQ expression
   67           | expression . OR expression
   68           | expression . AND expression

    DIVIDE  shift, and go to state 127
    MINUS   shift, and go to state 133
    PLUS    shift, and go to state 136
    MUL     shift, and go to state 137

    $default  reduce using rule 60 (expression)


State 163

   56 expression: expression . PLUS expression
   57           | expression . MINUS expression
   58           | expression . MUL expression
   59           | expression . DIVIDE expression
   60           | expression . EQEQ expression
   61           | expression . GT expression
   61           | expression GT expression .
   62           | expression . GTE expression
   63           | expression . LT expression
   64           | expression . LTE expression
   66           | expression . NOTEQ expression
   67           | expression . OR expression
   68           | expression . AND expression

    DIVIDE  shift, and go to state 127
    MINUS   shift, and go to state 133
    PLUS    shift, and go to state 136
    MUL     shift, and go to state 137

    $default  reduce using rule 61 (expression)


State 164

   56 expression: expression . PLUS expression
   57           | expression . MINUS expression
   58           | expression . MUL expression
   59           | expression . DIVIDE expression
   60           | expression . EQEQ expression
   61           | expression . GT expression
   62           | expression . GTE expression
   62           | expression GTE expression .
   63           | expression . LT expression
   64           | expression . LTE expression
   66           | expression . NOTEQ expression
   67           | expression . OR expression
   68           | expression . AND expression

    DIVIDE  shift, and go to state 127
    MINUS   shift, and go to state 133
    PLUS    shift, and go to state 136
    MUL     shift, and go to state 137

    $default  reduce using rule 62 (expression)


State 165

   56 expression: expression . PLUS expression
   57           | expression . MINUS expression
   58           | expression . MUL expression
   59           | expression . DIVIDE expression
   60           | expression . EQEQ expression
   61           | expression . GT expression
   62           | expression . GTE expression
   63           | expression . LT expression
   63           | expression LT expression .
   64           | expression . LTE expression
   66           | expression . NOTEQ expression
   67           | expression . OR expression
   68           | expression . AND expression

    DIVIDE  shift, and go to state 127
    MINUS   shift, and go to state 133
    PLUS    shift, and go to state 136
    MUL     shift, and go to state 137

    $default  reduce using rule 63 (expression)


State 166

   56 expression: expression . PLUS expression
   57           | expression . MINUS expression
   58           | expression . MUL expression
   59           | expression . DIVIDE expression
   60           | expression . EQEQ expression
   61           | expression . GT expression
   62           | expression . GTE expression
   63           | expression . LT expression
   64           | expression . LTE expression
   64           | expression LTE expression .
   66           | expression . NOTEQ expression
   67           | expression . OR expression
   68           | expression . AND expression

    DIVIDE  shift, and go to state 127
    MINUS   shift, and go to state 133
    PLUS    shift, and go to state 136
    MUL     shift, and go to state 137

    $default  reduce using rule 64 (expression)


State 167

   56 expression: expression . PLUS expression
   57           | expression . MINUS expression
   57           | expression MINUS expression .
   58           | expression . MUL expression
   59           | expression . DIVIDE expression
   60           | expression . EQEQ expression
   61           | expression . GT expression
   62           | expression . GTE expression
   63           | expression . LT expression
   64           | expression . LTE expression
   66           | expression . NOTEQ expression
   67           | expression . OR expression
   68           | expression . AND expression

    DIVIDE  shift, and go to state 127
    MUL     shift, and go to state 137

    $default  reduce using rule 57 (expression)


State 168

   56 expression: expression . PLUS expression
   57           | expression . MINUS expression
   58           | expression . MUL expression
   59           | expression . DIVIDE expression
   60           | expression . EQEQ expression
   61           | expression . GT expression
   62           | expression . GTE expression
   63           | expression . LT expression
   64           | expression . LTE expression
   66           | expression . NOTEQ expression
   66           | expression NOTEQ expression .
   67           | expression . OR expression
   68           | expression . AND expression

    DIVIDE  shift, and go to state 127
    EQEQ    shift, and go to state 128
    GT      shift, and go to state 129
    GTE     shift, and go to state 130
    LT      shift, and go to state 131
    LTE     shift, and go to state 132
    MINUS   shift, and go to state 133
    PLUS    shift, and go to state 136
    MUL     shift, and go to state 137

    $default  reduce using rule 66 (expression)


State 169

   56 expression: expression . PLUS expression
   57           | expression . MINUS expression
   58           | expression . MUL expression
   59           | expression . DIVIDE expression
   60           | expression . EQEQ expression
   61           | expression . GT expression
   62           | expression . GTE expression
   63           | expression . LT expression
   64           | expression . LTE expression
   66           | expression . NOTEQ expression
   67           | expression . OR expression
   67           | expression OR expression .
   68           | expression . AND expression

    DIVIDE  shift, and go to state 127
    EQEQ    shift, and go to state 128
    GT      shift, and go to state 129
    GTE     shift, and go to state 130
    LT      shift, and go to state 131
    LTE     shift, and go to state 132
    MINUS   shift, and go to state 133
    NOTEQ   shift, and go to state 134
    PLUS    shift, and go to state 136
    MUL     shift, and go to state 137

    $default  reduce using rule 67 (expression)


State 170

   56 expression: expression . PLUS expression
   56           | expression PLUS expression .
   57           | expression . MINUS expression
   58           | expression . MUL expression
   59           | expression . DIVIDE expression
   60           | expression . EQEQ expression
   61           | expression . GT expression
   62           | expression . GTE expression
   63           | expression . LT expression
   64           | expression . LTE expression
   66           | expression . NOTEQ expression
   67           | expression . OR expression
   68           | expression . AND expression

    DIVIDE  shift, and go to state 127
    MUL     shift, and go to state 137

    $default  reduce using rule 56 (expression)


State 171

   56 expression: expression . PLUS expression
   57           | expression . MINUS expression
   58           | expression . MUL expression
   58           | expression MUL expression .
   59           | expression . DIVIDE expression
   60           | expression . EQEQ expression
   61           | expression . GT expression
   62           | expression . GTE expression
   63           | expression . LT expression
   64           | expression . LTE expression
   66           | expression . NOTEQ expression
   67           | expression . OR expression
   68           | expression . AND expression

    $default  reduce using rule 58 (expression)


State 172

   46 initign_statment: DEREF lhs EQ expression . semico
   56 expression: expression . PLUS expression
   57           | expression . MINUS expression
   58           | expression . MUL expression
   59           | expression . DIVIDE expression
   60           | expression . EQEQ expression
   61           | expression . GT expression
   62           | expression . GTE expression
   63           | expression . LT expression
   64           | expression . LTE expression
   66           | expression . NOTEQ expression
   67           | expression . OR expression
   68           | expression . AND expression

    ';'     shift, and go to state 105
    AND     shift, and go to state 126
    DIVIDE  shift, and go to state 127
    EQEQ    shift, and go to state 128
    GT      shift, and go to state 129
    GTE     shift, and go to state 130
    LT      shift, and go to state 131
    LTE     shift, and go to state 132
    MINUS   shift, and go to state 133
    NOTEQ   shift, and go to state 134
    OR      shift, and go to state 135
    PLUS    shift, and go to state 136
    MUL     shift, and go to state 137

    semico  go to state 187


State 173

   45 initign_statment: lhs EQ expression semico .

    $default  reduce using rule 45 (initign_statment)


State 174

   93 call: id '(' call_args ')' .

    $default  reduce using rule 93 (call)


State 175

   21 args_2: args_2 ',' . expression

    TYPE_NULL   shift, and go to state 74
    BOOL_TRUE   shift, and go to state 75
    BOOL_FALSE  shift, and go to state 76
    REAL        shift, and go to state 77
    ID          shift, and go to state 11
    INT         shift, and go to state 78
    CHAR        shift, and go to state 79
    STRING      shift, and go to state 80
    NOT         shift, and go to state 81
    AMP         shift, and go to state 82
    DEREF       shift, and go to state 83
    '('         shift, and go to state 84
    '|'         shift, and go to state 85

    expression  go to state 188
    lhs         go to state 87
    value       go to state 88
    id          go to state 53
    call        go to state 89
    len         go to state 90
    boolean     go to state 91
    string      go to state 92
    char        go to state 93
    real        go to state 94
    int         go to state 95
    null        go to state 96


State 176

   74 lhs: id '[' expression ']' .

    $default  reduce using rule 74 (lhs)


State 177

   88 type: TYPE_STRING '[' INT ']' .

    $default  reduce using rule 88 (type)


State 178

   23 continue_func: type '{' body . '}'

    '}'  shift, and go to state 189


State 179

   47 if_statment: IF '(' expression ')' statment . else_statment

    ELSE  shift, and go to state 190

    ELSE      [reduce using rule 49 (else_statment)]
    $default  reduce using rule 49 (else_statment)

    else_statment  go to state 191


State 180

   55 block: statment .

    $default  reduce using rule 55 (block)


State 181

   50 while_statment: WHILE '(' expression ')' block .

    $default  reduce using rule 50 (while_statment)


State 182

   54 init: DEREF lhs EQ . expression

    TYPE_NULL   shift, and go to state 74
    BOOL_TRUE   shift, and go to state 75
    BOOL_FALSE  shift, and go to state 76
    REAL        shift, and go to state 77
    ID          shift, and go to state 11
    INT         shift, and go to state 78
    CHAR        shift, and go to state 79
    STRING      shift, and go to state 80
    NOT         shift, and go to state 81
    AMP         shift, and go to state 82
    DEREF       shift, and go to state 83
    '('         shift, and go to state 84
    '|'         shift, and go to state 85

    expression  go to state 192
    lhs         go to state 87
    value       go to state 88
    id          go to state 53
    call        go to state 89
    len         go to state 90
    boolean     go to state 91
    string      go to state 92
    char        go to state 93
    real        go to state 94
    int         go to state 95
    null        go to state 96


State 183

   51 for_statment: FOR '(' for_cond ')' block .

    $default  reduce using rule 51 (for_statment)


State 184

   52 for_cond: init semico expression . semico init
   56 expression: expression . PLUS expression
   57           | expression . MINUS expression
   58           | expression . MUL expression
   59           | expression . DIVIDE expression
   60           | expression . EQEQ expression
   61           | expression . GT expression
   62           | expression . GTE expression
   63           | expression . LT expression
   64           | expression . LTE expression
   66           | expression . NOTEQ expression
   67           | expression . OR expression
   68           | expression . AND expression

    ';'     shift, and go to state 105
    AND     shift, and go to state 126
    DIVIDE  shift, and go to state 127
    EQEQ    shift, and go to state 128
    GT      shift, and go to state 129
    GTE     shift, and go to state 130
    LT      shift, and go to state 131
    LTE     shift, and go to state 132
    MINUS   shift, and go to state 133
    NOTEQ   shift, and go to state 134
    OR      shift, and go to state 135
    PLUS    shift, and go to state 136
    MUL     shift, and go to state 137

    semico  go to state 193


State 185

   53 init: lhs EQ expression .
   56 expression: expression . PLUS expression
   57           | expression . MINUS expression
   58           | expression . MUL expression
   59           | expression . DIVIDE expression
   60           | expression . EQEQ expression
   61           | expression . GT expression
   62           | expression . GTE expression
   63           | expression . LT expression
   64           | expression . LTE expression
   66           | expression . NOTEQ expression
   67           | expression . OR expression
   68           | expression . AND expression

    AND     shift, and go to state 126
    DIVIDE  shift, and go to state 127
    EQEQ    shift, and go to state 128
    GT      shift, and go to state 129
    GTE     shift, and go to state 130
    LT      shift, and go to state 131
    LTE     shift, and go to state 132
    MINUS   shift, and go to state 133
    NOTEQ   shift, and go to state 134
    OR      shift, and go to state 135
    PLUS    shift, and go to state 136
    MUL     shift, and go to state 137

    $default  reduce using rule 53 (init)


State 186

   42 var_decls: VAR ids ':' type ';' .

    $default  reduce using rule 42 (var_decls)


State 187

   46 initign_statment: DEREF lhs EQ expression semico .

    $default  reduce using rule 46 (initign_statment)


State 188

   21 args_2: args_2 ',' expression .
   56 expression: expression . PLUS expression
   57           | expression . MINUS expression
   58           | expression . MUL expression
   59           | expression . DIVIDE expression
   60           | expression . EQEQ expression
   61           | expression . GT expression
   62           | expression . GTE expression
   63           | expression . LT expression
   64           | expression . LTE expression
   66           | expression . NOTEQ expression
   67           | expression . OR expression
   68           | expression . AND expression

    AND     shift, and go to state 126
    DIVIDE  shift, and go to state 127
    EQEQ    shift, and go to state 128
    GT      shift, and go to state 129
    GTE     shift, and go to state 130
    LT      shift, and go to state 131
    LTE     shift, and go to state 132
    MINUS   shift, and go to state 133
    NOTEQ   shift, and go to state 134
    OR      shift, and go to state 135
    PLUS    shift, and go to state 136
    MUL     shift, and go to state 137

    $default  reduce using rule 21 (args_2)


State 189

   23 continue_func: type '{' body '}' .

    $default  reduce using rule 23 (continue_func)


State 190

   48 else_statment: ELSE . statment

    IF      shift, and go to state 33
    WHILE   shift, and go to state 34
    FOR     shift, and go to state 35
    PROC    shift, and go to state 36
    FUNC    shift, and go to state 6
    VAR     shift, and go to state 37
    RETURN  shift, and go to state 38
    ID      shift, and go to state 11
    DEREF   shift, and go to state 39
    '{'     shift, and go to state 40

    func              go to state 41
    proc              go to state 42
    the_ret           go to state 44
    statment          go to state 194
    var_decls         go to state 47
    initign_statment  go to state 48
    if_statment       go to state 49
    while_statment    go to state 50
    for_statment      go to state 51
    lhs               go to state 52
    id                go to state 53
    call              go to state 54


State 191

   47 if_statment: IF '(' expression ')' statment else_statment .

    $default  reduce using rule 47 (if_statment)


State 192

   54 init: DEREF lhs EQ expression .
   56 expression: expression . PLUS expression
   57           | expression . MINUS expression
   58           | expression . MUL expression
   59           | expression . DIVIDE expression
   60           | expression . EQEQ expression
   61           | expression . GT expression
   62           | expression . GTE expression
   63           | expression . LT expression
   64           | expression . LTE expression
   66           | expression . NOTEQ expression
   67           | expression . OR expression
   68           | expression . AND expression

    AND     shift, and go to state 126
    DIVIDE  shift, and go to state 127
    EQEQ    shift, and go to state 128
    GT      shift, and go to state 129
    GTE     shift, and go to state 130
    LT      shift, and go to state 131
    LTE     shift, and go to state 132
    MINUS   shift, and go to state 133
    NOTEQ   shift, and go to state 134
    OR      shift, and go to state 135
    PLUS    shift, and go to state 136
    MUL     shift, and go to state 137

    $default  reduce using rule 54 (init)


State 193

   52 for_cond: init semico expression semico . init

    ID     shift, and go to state 11
    DEREF  shift, and go to state 113

    init  go to state 195
    lhs   go to state 116
    id    go to state 98


State 194

   48 else_statment: ELSE statment .

    $default  reduce using rule 48 (else_statment)


State 195

   52 for_cond: init semico expression semico init .

    $default  reduce using rule 52 (for_cond)
